[16-Jan-2019 04:00:24 UTC] PHP Warning:  mysqli_connect(): (HY000/1045): Access denied for user 'root'@'localhost' (using password: NO) in C:\Inetpub\vhosts\crm.vprotectindia.com\httpdocs\api\cust_master_api.php on line 34
[16-Jan-2019 04:00:24 UTC] PHP Warning:  mysqli_query() expects parameter 1 to be mysqli, boolean given in C:\Inetpub\vhosts\crm.vprotectindia.com\httpdocs\api\cust_master_api.php on line 40
[16-Jan-2019 04:00:59 UTC] PHP Warning:  mysqli_connect(): (HY000/1045): Access denied for user 'root'@'localhost' (using password: NO) in C:\Inetpub\vhosts\crm.vprotectindia.com\httpdocs\api\cust_master_api.php on line 34
[16-Jan-2019 04:00:59 UTC] PHP Warning:  mysqli_query() expects parameter 1 to be mysqli, boolean given in C:\Inetpub\vhosts\crm.vprotectindia.com\httpdocs\api\cust_master_api.php on line 40
[16-Jan-2019 05:22:49 UTC] PHP Fatal error:  Cannot use object of type stdClass as array in C:\Inetpub\vhosts\crm.vprotectindia.com\httpdocs\api\cust_master_api.php on line 8
[01-Feb-2019 12:49:28 UTC] PHP Parse error:  syntax error, unexpected 'class' (T_CLASS), expecting identifier (T_STRING) or variable (T_VARIABLE) or '{' or '$' in C:\Inetpub\vhosts\crm.vprotectindia.com\httpdocs\vprotect\public\index.php on line 52
[01-Feb-2019 13:09:47 UTC] PHP Parse error:  syntax error, unexpected 'class' (T_CLASS), expecting identifier (T_STRING) or variable (T_VARIABLE) or '{' or '$' in C:\Inetpub\vhosts\crm.vprotectindia.com\httpdocs\vprotect\public\index.php on line 52
[01-Feb-2019 13:16:25 UTC] PHP Parse error:  syntax error, unexpected 'class' (T_CLASS), expecting identifier (T_STRING) or variable (T_VARIABLE) or '{' or '$' in C:\Inetpub\vhosts\crm.vprotectindia.com\httpdocs\vprotect\public\index.php on line 52
[01-Feb-2019 13:24:36 UTC] PHP Parse error:  syntax error, unexpected 'class' (T_CLASS), expecting identifier (T_STRING) or variable (T_VARIABLE) or '{' or '$' in C:\Inetpub\vhosts\crm.vprotectindia.com\httpdocs\vprotect\public\index.php on line 52
[01-Feb-2019 13:27:15 UTC] PHP Fatal error:  Call to undefined function php_info() in C:\Inetpub\vhosts\crm.vprotectindia.com\httpdocs\vprotect\public\index.php on line 3
[01-Feb-2019 13:37:31 UTC] PHP Parse error:  syntax error, unexpected '=' in C:\Inetpub\vhosts\crm.vprotectindia.com\httpdocs\vprotect\vendor\laravel\framework\src\Illuminate\Support\Arr.php on line 388
[01-Feb-2019 17:01:42 UTC] PHP Parse error:  syntax error, unexpected '=' in C:\Inetpub\vhosts\crm.vprotectindia.com\httpdocs\vprotect\vendor\laravel\framework\src\Illuminate\Support\Arr.php on line 388
[01-Feb-2019 17:18:23 UTC] PHP Parse error:  syntax error, unexpected '=' in C:\Inetpub\vhosts\crm.vprotectindia.com\httpdocs\vprotect\vendor\laravel\framework\src\Illuminate\Support\Arr.php on line 388
[01-Feb-2019 18:06:14 UTC] PHP Parse error:  syntax error, unexpected '=' in C:\Inetpub\vhosts\crm.vprotectindia.com\httpdocs\vprotect\vendor\laravel\framework\src\Illuminate\Support\Arr.php on line 388
[01-Feb-2019 18:11:36 UTC] PHP Parse error:  syntax error, unexpected '=' in C:\Inetpub\vhosts\crm.vprotectindia.com\httpdocs\vprotect\vendor\laravel\framework\src\Illuminate\Support\Arr.php on line 388
[01-Feb-2019 18:22:07 UTC] PHP Parse error:  syntax error, unexpected '=' in C:\Inetpub\vhosts\crm.vprotectindia.com\httpdocs\vprotect\vendor\laravel\framework\src\Illuminate\Support\Arr.php on line 388
[01-Feb-2019 18:22:10 UTC] PHP Parse error:  syntax error, unexpected '=' in C:\Inetpub\vhosts\crm.vprotectindia.com\httpdocs\vprotect\vendor\laravel\framework\src\Illuminate\Support\Arr.php on line 388
[01-Feb-2019 18:22:24 UTC] PHP Parse error:  syntax error, unexpected '=' in C:\Inetpub\vhosts\crm.vprotectindia.com\httpdocs\vprotect\vendor\laravel\framework\src\Illuminate\Support\Arr.php on line 388
[01-Feb-2019 18:28:58 UTC] PHP Parse error:  syntax error, unexpected '=' in C:\Inetpub\vhosts\crm.vprotectindia.com\httpdocs\vprotect\vendor\laravel\framework\src\Illuminate\Support\Arr.php on line 388
[01-Feb-2019 18:42:33 UTC] PHP Parse error:  syntax error, unexpected '=' in C:\Inetpub\vhosts\crm.vprotectindia.com\httpdocs\vprotect\vendor\laravel\framework\src\Illuminate\Support\Arr.php on line 388
[02-Feb-2019 05:28:17 UTC] PHP Parse error:  syntax error, unexpected '=' in C:\Inetpub\vhosts\crm.vprotectindia.com\httpdocs\vprotect\vendor\laravel\framework\src\Illuminate\Support\Arr.php on line 388
